{"D:\\CODING\\MISOGI\\formulate\\client\\src\\App.js": {"path":"D:\\CODING\\MISOGI\\formulate\\client\\src\\App.js","statementMap":{"0":{"start":{"line":18,"column":14},"end":{"line":34,"column":2}},"1":{"start":{"line":37,"column":2},"end":{"line":61,"column":4}}},"fnMap":{"0":{"name":"App","decl":{"start":{"line":36,"column":9},"end":{"line":36,"column":12}},"loc":{"start":{"line":36,"column":15},"end":{"line":62,"column":1}},"line":36}},"branchMap":{},"s":{"0":0,"1":0},"f":{"0":0},"b":{}}
,"D:\\CODING\\MISOGI\\formulate\\client\\src\\api\\auth.js": {"path":"D:\\CODING\\MISOGI\\formulate\\client\\src\\api\\auth.js","statementMap":{"0":{"start":{"line":4,"column":24},"end":{"line":7,"column":1}},"1":{"start":{"line":5,"column":19},"end":{"line":5,"column":53}},"2":{"start":{"line":6,"column":2},"end":{"line":6,"column":23}},"3":{"start":{"line":10,"column":21},"end":{"line":13,"column":1}},"4":{"start":{"line":11,"column":19},"end":{"line":11,"column":62}},"5":{"start":{"line":12,"column":2},"end":{"line":12,"column":23}},"6":{"start":{"line":16,"column":30},"end":{"line":19,"column":1}},"7":{"start":{"line":17,"column":19},"end":{"line":17,"column":50}},"8":{"start":{"line":18,"column":2},"end":{"line":18,"column":23}},"9":{"start":{"line":22,"column":33},"end":{"line":25,"column":1}},"10":{"start":{"line":23,"column":19},"end":{"line":23,"column":60}},"11":{"start":{"line":24,"column":2},"end":{"line":24,"column":23}}},"fnMap":{"0":{"name":"(anonymous_0)","decl":{"start":{"line":4,"column":24},"end":{"line":4,"column":25}},"loc":{"start":{"line":4,"column":44},"end":{"line":7,"column":1}},"line":4},"1":{"name":"(anonymous_1)","decl":{"start":{"line":10,"column":21},"end":{"line":10,"column":22}},"loc":{"start":{"line":10,"column":44},"end":{"line":13,"column":1}},"line":10},"2":{"name":"(anonymous_2)","decl":{"start":{"line":16,"column":30},"end":{"line":16,"column":31}},"loc":{"start":{"line":16,"column":42},"end":{"line":19,"column":1}},"line":16},"3":{"name":"(anonymous_3)","decl":{"start":{"line":22,"column":33},"end":{"line":22,"column":34}},"loc":{"start":{"line":22,"column":53},"end":{"line":25,"column":1}},"line":22}},"branchMap":{},"s":{"0":1,"1":2,"2":1,"3":1,"4":1,"5":1,"6":1,"7":1,"8":1,"9":1,"10":1,"11":1},"f":{"0":2,"1":1,"2":1,"3":1},"b":{},"_coverageSchema":"1a1c01bbd47fc00a2c39e90264f33305004495a9","hash":"9cf09214dad3c480ba1acc71ffd282ab18e270cb"}
,"D:\\CODING\\MISOGI\\formulate\\client\\src\\api\\axios.js": {"path":"D:\\CODING\\MISOGI\\formulate\\client\\src\\api\\axios.js","statementMap":{"0":{"start":{"line":3,"column":16},"end":{"line":3,"column":76}},"1":{"start":{"line":5,"column":22},"end":{"line":10,"column":2}},"2":{"start":{"line":13,"column":0},"end":{"line":24,"column":2}},"3":{"start":{"line":15,"column":18},"end":{"line":15,"column":47}},"4":{"start":{"line":16,"column":4},"end":{"line":18,"column":5}},"5":{"start":{"line":17,"column":6},"end":{"line":17,"column":55}},"6":{"start":{"line":19,"column":4},"end":{"line":19,"column":18}},"7":{"start":{"line":22,"column":4},"end":{"line":22,"column":33}},"8":{"start":{"line":27,"column":0},"end":{"line":40,"column":2}},"9":{"start":{"line":29,"column":4},"end":{"line":29,"column":20}},"10":{"start":{"line":32,"column":4},"end":{"line":37,"column":5}},"11":{"start":{"line":34,"column":6},"end":{"line":34,"column":39}},"12":{"start":{"line":35,"column":6},"end":{"line":35,"column":38}},"13":{"start":{"line":36,"column":6},"end":{"line":36,"column":38}},"14":{"start":{"line":38,"column":4},"end":{"line":38,"column":33}}},"fnMap":{"0":{"name":"(anonymous_0)","decl":{"start":{"line":14,"column":2},"end":{"line":14,"column":3}},"loc":{"start":{"line":14,"column":14},"end":{"line":20,"column":3}},"line":14},"1":{"name":"(anonymous_1)","decl":{"start":{"line":21,"column":2},"end":{"line":21,"column":3}},"loc":{"start":{"line":21,"column":13},"end":{"line":23,"column":3}},"line":21},"2":{"name":"(anonymous_2)","decl":{"start":{"line":28,"column":2},"end":{"line":28,"column":3}},"loc":{"start":{"line":28,"column":16},"end":{"line":30,"column":3}},"line":28},"3":{"name":"(anonymous_3)","decl":{"start":{"line":31,"column":2},"end":{"line":31,"column":3}},"loc":{"start":{"line":31,"column":13},"end":{"line":39,"column":3}},"line":31}},"branchMap":{"0":{"loc":{"start":{"line":3,"column":16},"end":{"line":3,"column":76}},"type":"binary-expr","locations":[{"start":{"line":3,"column":16},"end":{"line":3,"column":45}},{"start":{"line":3,"column":49},"end":{"line":3,"column":76}}],"line":3},"1":{"loc":{"start":{"line":16,"column":4},"end":{"line":18,"column":5}},"type":"if","locations":[{"start":{"line":16,"column":4},"end":{"line":18,"column":5}},{"start":{},"end":{}}],"line":16},"2":{"loc":{"start":{"line":32,"column":4},"end":{"line":37,"column":5}},"type":"if","locations":[{"start":{"line":32,"column":4},"end":{"line":37,"column":5}},{"start":{},"end":{}}],"line":32},"3":{"loc":{"start":{"line":32,"column":8},"end":{"line":32,"column":55}},"type":"binary-expr","locations":[{"start":{"line":32,"column":8},"end":{"line":32,"column":22}},{"start":{"line":32,"column":26},"end":{"line":32,"column":55}}],"line":32}},"s":{"0":0,"1":0,"2":0,"3":0,"4":0,"5":0,"6":0,"7":0,"8":0,"9":0,"10":0,"11":0,"12":0,"13":0,"14":0},"f":{"0":0,"1":0,"2":0,"3":0},"b":{"0":[0,0],"1":[0,0],"2":[0,0],"3":[0,0]}}
,"D:\\CODING\\MISOGI\\formulate\\client\\src\\api\\forms.js": {"path":"D:\\CODING\\MISOGI\\formulate\\client\\src\\api\\forms.js","statementMap":{"0":{"start":{"line":4,"column":26},"end":{"line":7,"column":1}},"1":{"start":{"line":5,"column":19},"end":{"line":5,"column":53}},"2":{"start":{"line":6,"column":2},"end":{"line":6,"column":23}},"3":{"start":{"line":10,"column":24},"end":{"line":13,"column":1}},"4":{"start":{"line":11,"column":19},"end":{"line":11,"column":42}},"5":{"start":{"line":12,"column":2},"end":{"line":12,"column":23}},"6":{"start":{"line":16,"column":27},"end":{"line":19,"column":1}},"7":{"start":{"line":17,"column":19},"end":{"line":17,"column":52}},"8":{"start":{"line":18,"column":2},"end":{"line":18,"column":23}},"9":{"start":{"line":22,"column":28},"end":{"line":25,"column":1}},"10":{"start":{"line":23,"column":19},"end":{"line":23,"column":59}},"11":{"start":{"line":24,"column":2},"end":{"line":24,"column":23}},"12":{"start":{"line":28,"column":26},"end":{"line":31,"column":1}},"13":{"start":{"line":29,"column":19},"end":{"line":29,"column":62}},"14":{"start":{"line":30,"column":2},"end":{"line":30,"column":23}},"15":{"start":{"line":34,"column":26},"end":{"line":37,"column":1}},"16":{"start":{"line":35,"column":19},"end":{"line":35,"column":55}},"17":{"start":{"line":36,"column":2},"end":{"line":36,"column":23}},"18":{"start":{"line":40,"column":27},"end":{"line":43,"column":1}},"19":{"start":{"line":41,"column":19},"end":{"line":41,"column":60}},"20":{"start":{"line":42,"column":2},"end":{"line":42,"column":23}},"21":{"start":{"line":46,"column":25},"end":{"line":49,"column":1}},"22":{"start":{"line":47,"column":19},"end":{"line":47,"column":58}},"23":{"start":{"line":48,"column":2},"end":{"line":48,"column":23}}},"fnMap":{"0":{"name":"(anonymous_0)","decl":{"start":{"line":4,"column":26},"end":{"line":4,"column":27}},"loc":{"start":{"line":4,"column":46},"end":{"line":7,"column":1}},"line":4},"1":{"name":"(anonymous_1)","decl":{"start":{"line":10,"column":24},"end":{"line":10,"column":25}},"loc":{"start":{"line":10,"column":36},"end":{"line":13,"column":1}},"line":10},"2":{"name":"(anonymous_2)","decl":{"start":{"line":16,"column":27},"end":{"line":16,"column":28}},"loc":{"start":{"line":16,"column":45},"end":{"line":19,"column":1}},"line":16},"3":{"name":"(anonymous_3)","decl":{"start":{"line":22,"column":28},"end":{"line":22,"column":29}},"loc":{"start":{"line":22,"column":49},"end":{"line":25,"column":1}},"line":22},"4":{"name":"(anonymous_4)","decl":{"start":{"line":28,"column":26},"end":{"line":28,"column":27}},"loc":{"start":{"line":28,"column":54},"end":{"line":31,"column":1}},"line":28},"5":{"name":"(anonymous_5)","decl":{"start":{"line":34,"column":26},"end":{"line":34,"column":27}},"loc":{"start":{"line":34,"column":44},"end":{"line":37,"column":1}},"line":34},"6":{"name":"(anonymous_6)","decl":{"start":{"line":40,"column":27},"end":{"line":40,"column":28}},"loc":{"start":{"line":40,"column":45},"end":{"line":43,"column":1}},"line":40},"7":{"name":"(anonymous_7)","decl":{"start":{"line":46,"column":25},"end":{"line":46,"column":26}},"loc":{"start":{"line":46,"column":43},"end":{"line":49,"column":1}},"line":46}},"branchMap":{},"s":{"0":0,"1":0,"2":0,"3":0,"4":0,"5":0,"6":0,"7":0,"8":0,"9":0,"10":0,"11":0,"12":0,"13":0,"14":0,"15":0,"16":0,"17":0,"18":0,"19":0,"20":0,"21":0,"22":0,"23":0},"f":{"0":0,"1":0,"2":0,"3":0,"4":0,"5":0,"6":0,"7":0},"b":{}}
,"D:\\CODING\\MISOGI\\formulate\\client\\src\\api\\responses.js": {"path":"D:\\CODING\\MISOGI\\formulate\\client\\src\\api\\responses.js","statementMap":{"0":{"start":{"line":4,"column":30},"end":{"line":7,"column":1}},"1":{"start":{"line":5,"column":19},"end":{"line":5,"column":61}},"2":{"start":{"line":6,"column":2},"end":{"line":6,"column":23}},"3":{"start":{"line":10,"column":32},"end":{"line":13,"column":1}},"4":{"start":{"line":11,"column":19},"end":{"line":11,"column":61}},"5":{"start":{"line":12,"column":2},"end":{"line":12,"column":23}},"6":{"start":{"line":16,"column":34},"end":{"line":19,"column":1}},"7":{"start":{"line":17,"column":19},"end":{"line":17,"column":69}},"8":{"start":{"line":18,"column":2},"end":{"line":18,"column":23}},"9":{"start":{"line":22,"column":30},"end":{"line":25,"column":1}},"10":{"start":{"line":23,"column":19},"end":{"line":23,"column":63}},"11":{"start":{"line":24,"column":2},"end":{"line":24,"column":23}}},"fnMap":{"0":{"name":"(anonymous_0)","decl":{"start":{"line":4,"column":30},"end":{"line":4,"column":31}},"loc":{"start":{"line":4,"column":54},"end":{"line":7,"column":1}},"line":4},"1":{"name":"(anonymous_1)","decl":{"start":{"line":10,"column":32},"end":{"line":10,"column":33}},"loc":{"start":{"line":10,"column":50},"end":{"line":13,"column":1}},"line":10},"2":{"name":"(anonymous_2)","decl":{"start":{"line":16,"column":34},"end":{"line":16,"column":35}},"loc":{"start":{"line":16,"column":52},"end":{"line":19,"column":1}},"line":16},"3":{"name":"(anonymous_3)","decl":{"start":{"line":22,"column":30},"end":{"line":22,"column":31}},"loc":{"start":{"line":22,"column":52},"end":{"line":25,"column":1}},"line":22}},"branchMap":{},"s":{"0":0,"1":0,"2":0,"3":0,"4":0,"5":0,"6":0,"7":0,"8":0,"9":0,"10":0,"11":0},"f":{"0":0,"1":0,"2":0,"3":0},"b":{}}
,"D:\\CODING\\MISOGI\\formulate\\client\\src\\components\\Navigation.js": {"path":"D:\\CODING\\MISOGI\\formulate\\client\\src\\components\\Navigation.js","statementMap":{"0":{"start":{"line":19,"column":19},"end":{"line":217,"column":1}},"1":{"start":{"line":20,"column":40},"end":{"line":20,"column":54}},"2":{"start":{"line":21,"column":42},"end":{"line":21,"column":56}},"3":{"start":{"line":22,"column":44},"end":{"line":22,"column":67}},"4":{"start":{"line":23,"column":19},"end":{"line":23,"column":32}},"5":{"start":{"line":25,"column":28},"end":{"line":27,"column":3}},"6":{"start":{"line":26,"column":4},"end":{"line":26,"column":40}},"7":{"start":{"line":29,"column":29},"end":{"line":31,"column":3}},"8":{"start":{"line":30,"column":4},"end":{"line":30,"column":41}},"9":{"start":{"line":33,"column":29},"end":{"line":35,"column":3}},"10":{"start":{"line":34,"column":4},"end":{"line":34,"column":25}},"11":{"start":{"line":37,"column":30},"end":{"line":39,"column":3}},"12":{"start":{"line":38,"column":4},"end":{"line":38,"column":26}},"13":{"start":{"line":41,"column":23},"end":{"line":45,"column":3}},"14":{"start":{"line":42,"column":4},"end":{"line":42,"column":13}},"15":{"start":{"line":43,"column":4},"end":{"line":43,"column":23}},"16":{"start":{"line":44,"column":4},"end":{"line":44,"column":26}},"17":{"start":{"line":47,"column":2},"end":{"line":216,"column":4}}},"fnMap":{"0":{"name":"(anonymous_0)","decl":{"start":{"line":19,"column":19},"end":{"line":19,"column":20}},"loc":{"start":{"line":19,"column":25},"end":{"line":217,"column":1}},"line":19},"1":{"name":"(anonymous_1)","decl":{"start":{"line":25,"column":28},"end":{"line":25,"column":29}},"loc":{"start":{"line":25,"column":39},"end":{"line":27,"column":3}},"line":25},"2":{"name":"(anonymous_2)","decl":{"start":{"line":29,"column":29},"end":{"line":29,"column":30}},"loc":{"start":{"line":29,"column":40},"end":{"line":31,"column":3}},"line":29},"3":{"name":"(anonymous_3)","decl":{"start":{"line":33,"column":29},"end":{"line":33,"column":30}},"loc":{"start":{"line":33,"column":35},"end":{"line":35,"column":3}},"line":33},"4":{"name":"(anonymous_4)","decl":{"start":{"line":37,"column":30},"end":{"line":37,"column":31}},"loc":{"start":{"line":37,"column":36},"end":{"line":39,"column":3}},"line":37},"5":{"name":"(anonymous_5)","decl":{"start":{"line":41,"column":23},"end":{"line":41,"column":24}},"loc":{"start":{"line":41,"column":29},"end":{"line":45,"column":3}},"line":41}},"branchMap":{"0":{"loc":{"start":{"line":97,"column":15},"end":{"line":110,"column":15}},"type":"cond-expr","locations":[{"start":{"line":98,"column":16},"end":{"line":105,"column":17}},{"start":{"line":107,"column":16},"end":{"line":109,"column":27}}],"line":97},"1":{"loc":{"start":{"line":133,"column":13},"end":{"line":158,"column":13}},"type":"cond-expr","locations":[{"start":{"line":134,"column":14},"end":{"line":149,"column":17}},{"start":{"line":151,"column":14},"end":{"line":157,"column":23}}],"line":133},"2":{"loc":{"start":{"line":161,"column":11},"end":{"line":212,"column":11}},"type":"cond-expr","locations":[{"start":{"line":162,"column":12},"end":{"line":193,"column":18}},{"start":{"line":195,"column":12},"end":{"line":211,"column":18}}],"line":161}},"s":{"0":0,"1":0,"2":0,"3":0,"4":0,"5":0,"6":0,"7":0,"8":0,"9":0,"10":0,"11":0,"12":0,"13":0,"14":0,"15":0,"16":0,"17":0},"f":{"0":0,"1":0,"2":0,"3":0,"4":0,"5":0},"b":{"0":[0,0],"1":[0,0],"2":[0,0]}}
,"D:\\CODING\\MISOGI\\formulate\\client\\src\\context\\AuthContext.js": {"path":"D:\\CODING\\MISOGI\\formulate\\client\\src\\context\\AuthContext.js","statementMap":{"0":{"start":{"line":6,"column":27},"end":{"line":6,"column":42}},"1":{"start":{"line":8,"column":28},"end":{"line":92,"column":1}},"2":{"start":{"line":9,"column":26},"end":{"line":9,"column":40}},"3":{"start":{"line":10,"column":32},"end":{"line":10,"column":46}},"4":{"start":{"line":13,"column":2},"end":{"line":37,"column":9}},"5":{"start":{"line":14,"column":18},"end":{"line":14,"column":47}},"6":{"start":{"line":15,"column":23},"end":{"line":15,"column":51}},"7":{"start":{"line":17,"column":4},"end":{"line":34,"column":5}},"8":{"start":{"line":18,"column":6},"end":{"line":33,"column":7}},"9":{"start":{"line":20,"column":29},"end":{"line":20,"column":46}},"10":{"start":{"line":21,"column":28},"end":{"line":21,"column":45}},"11":{"start":{"line":23,"column":8},"end":{"line":29,"column":9}},"12":{"start":{"line":25,"column":10},"end":{"line":25,"column":19}},"13":{"start":{"line":28,"column":10},"end":{"line":28,"column":42}},"14":{"start":{"line":31,"column":8},"end":{"line":31,"column":46}},"15":{"start":{"line":32,"column":8},"end":{"line":32,"column":17}},"16":{"start":{"line":36,"column":4},"end":{"line":36,"column":22}},"17":{"start":{"line":40,"column":19},"end":{"line":53,"column":3}},"18":{"start":{"line":41,"column":4},"end":{"line":52,"column":5}},"19":{"start":{"line":42,"column":19},"end":{"line":42,"column":46}},"20":{"start":{"line":43,"column":6},"end":{"line":43,"column":48}},"21":{"start":{"line":44,"column":6},"end":{"line":44,"column":57}},"22":{"start":{"line":45,"column":6},"end":{"line":45,"column":20}},"23":{"start":{"line":46,"column":6},"end":{"line":46,"column":37}},"24":{"start":{"line":48,"column":6},"end":{"line":51,"column":8}},"25":{"start":{"line":56,"column":16},"end":{"line":69,"column":3}},"26":{"start":{"line":57,"column":4},"end":{"line":68,"column":5}},"27":{"start":{"line":58,"column":19},"end":{"line":58,"column":46}},"28":{"start":{"line":59,"column":6},"end":{"line":59,"column":48}},"29":{"start":{"line":60,"column":6},"end":{"line":60,"column":57}},"30":{"start":{"line":61,"column":6},"end":{"line":61,"column":20}},"31":{"start":{"line":62,"column":6},"end":{"line":62,"column":37}},"32":{"start":{"line":64,"column":6},"end":{"line":67,"column":8}},"33":{"start":{"line":72,"column":17},"end":{"line":76,"column":3}},"34":{"start":{"line":73,"column":4},"end":{"line":73,"column":37}},"35":{"start":{"line":74,"column":4},"end":{"line":74,"column":36}},"36":{"start":{"line":75,"column":4},"end":{"line":75,"column":18}},"37":{"start":{"line":78,"column":2},"end":{"line":91,"column":4}}},"fnMap":{"0":{"name":"(anonymous_0)","decl":{"start":{"line":8,"column":28},"end":{"line":8,"column":29}},"loc":{"start":{"line":8,"column":46},"end":{"line":92,"column":1}},"line":8},"1":{"name":"(anonymous_1)","decl":{"start":{"line":13,"column":12},"end":{"line":13,"column":13}},"loc":{"start":{"line":13,"column":18},"end":{"line":37,"column":3}},"line":13},"2":{"name":"(anonymous_2)","decl":{"start":{"line":40,"column":19},"end":{"line":40,"column":20}},"loc":{"start":{"line":40,"column":39},"end":{"line":53,"column":3}},"line":40},"3":{"name":"(anonymous_3)","decl":{"start":{"line":56,"column":16},"end":{"line":56,"column":17}},"loc":{"start":{"line":56,"column":39},"end":{"line":69,"column":3}},"line":56},"4":{"name":"(anonymous_4)","decl":{"start":{"line":72,"column":17},"end":{"line":72,"column":18}},"loc":{"start":{"line":72,"column":23},"end":{"line":76,"column":3}},"line":72}},"branchMap":{"0":{"loc":{"start":{"line":17,"column":4},"end":{"line":34,"column":5}},"type":"if","locations":[{"start":{"line":17,"column":4},"end":{"line":34,"column":5}},{"start":{},"end":{}}],"line":17},"1":{"loc":{"start":{"line":17,"column":8},"end":{"line":17,"column":27}},"type":"binary-expr","locations":[{"start":{"line":17,"column":8},"end":{"line":17,"column":13}},{"start":{"line":17,"column":17},"end":{"line":17,"column":27}}],"line":17},"2":{"loc":{"start":{"line":23,"column":8},"end":{"line":29,"column":9}},"type":"if","locations":[{"start":{"line":23,"column":8},"end":{"line":29,"column":9}},{"start":{"line":26,"column":15},"end":{"line":29,"column":9}}],"line":23},"3":{"loc":{"start":{"line":50,"column":15},"end":{"line":50,"column":69}},"type":"binary-expr","locations":[{"start":{"line":50,"column":15},"end":{"line":50,"column":44}},{"start":{"line":50,"column":48},"end":{"line":50,"column":69}}],"line":50},"4":{"loc":{"start":{"line":66,"column":15},"end":{"line":66,"column":62}},"type":"binary-expr","locations":[{"start":{"line":66,"column":15},"end":{"line":66,"column":44}},{"start":{"line":66,"column":48},"end":{"line":66,"column":62}}],"line":66}},"s":{"0":0,"1":0,"2":0,"3":0,"4":0,"5":0,"6":0,"7":0,"8":0,"9":0,"10":0,"11":0,"12":0,"13":0,"14":0,"15":0,"16":0,"17":0,"18":0,"19":0,"20":0,"21":0,"22":0,"23":0,"24":0,"25":0,"26":0,"27":0,"28":0,"29":0,"30":0,"31":0,"32":0,"33":0,"34":0,"35":0,"36":0,"37":0},"f":{"0":0,"1":0,"2":0,"3":0,"4":0},"b":{"0":[0,0],"1":[0,0],"2":[0,0],"3":[0,0],"4":[0,0]}}
,"D:\\CODING\\MISOGI\\formulate\\client\\src\\pages\\Dashboard.js": {"path":"D:\\CODING\\MISOGI\\formulate\\client\\src\\pages\\Dashboard.js","statementMap":{"0":{"start":{"line":22,"column":18},"end":{"line":179,"column":1}},"1":{"start":{"line":23,"column":28},"end":{"line":23,"column":40}},"2":{"start":{"line":24,"column":32},"end":{"line":24,"column":46}},"3":{"start":{"line":25,"column":28},"end":{"line":25,"column":40}},"4":{"start":{"line":26,"column":19},"end":{"line":26,"column":42}},"5":{"start":{"line":27,"column":19},"end":{"line":27,"column":32}},"6":{"start":{"line":29,"column":2},"end":{"line":42,"column":9}},"7":{"start":{"line":30,"column":22},"end":{"line":39,"column":5}},"8":{"start":{"line":31,"column":6},"end":{"line":38,"column":7}},"9":{"start":{"line":32,"column":21},"end":{"line":32,"column":37}},"10":{"start":{"line":33,"column":8},"end":{"line":33,"column":23}},"11":{"start":{"line":34,"column":8},"end":{"line":34,"column":26}},"12":{"start":{"line":36,"column":8},"end":{"line":36,"column":60}},"13":{"start":{"line":37,"column":8},"end":{"line":37,"column":26}},"14":{"start":{"line":41,"column":4},"end":{"line":41,"column":16}},"15":{"start":{"line":44,"column":27},"end":{"line":46,"column":3}},"16":{"start":{"line":45,"column":4},"end":{"line":45,"column":30}},"17":{"start":{"line":48,"column":27},"end":{"line":57,"column":3}},"18":{"start":{"line":49,"column":4},"end":{"line":56,"column":5}},"19":{"start":{"line":50,"column":6},"end":{"line":55,"column":7}},"20":{"start":{"line":51,"column":8},"end":{"line":51,"column":29}},"21":{"start":{"line":52,"column":8},"end":{"line":52,"column":56}},"22":{"start":{"line":52,"column":38},"end":{"line":52,"column":53}},"23":{"start":{"line":54,"column":8},"end":{"line":54,"column":61}},"24":{"start":{"line":59,"column":31},"end":{"line":72,"column":3}},"25":{"start":{"line":60,"column":4},"end":{"line":71,"column":5}},"26":{"start":{"line":62,"column":8},"end":{"line":62,"column":67}},"27":{"start":{"line":64,"column":8},"end":{"line":64,"column":71}},"28":{"start":{"line":66,"column":8},"end":{"line":66,"column":66}},"29":{"start":{"line":68,"column":8},"end":{"line":68,"column":71}},"30":{"start":{"line":70,"column":8},"end":{"line":70,"column":20}},"31":{"start":{"line":74,"column":2},"end":{"line":85,"column":3}},"32":{"start":{"line":75,"column":4},"end":{"line":84,"column":6}},"33":{"start":{"line":87,"column":2},"end":{"line":178,"column":4}},"34":{"start":{"line":124,"column":14},"end":{"line":172,"column":21}},"35":{"start":{"line":165,"column":37},"end":{"line":165,"column":63}}},"fnMap":{"0":{"name":"(anonymous_0)","decl":{"start":{"line":22,"column":18},"end":{"line":22,"column":19}},"loc":{"start":{"line":22,"column":24},"end":{"line":179,"column":1}},"line":22},"1":{"name":"(anonymous_1)","decl":{"start":{"line":29,"column":12},"end":{"line":29,"column":13}},"loc":{"start":{"line":29,"column":18},"end":{"line":42,"column":3}},"line":29},"2":{"name":"(anonymous_2)","decl":{"start":{"line":30,"column":22},"end":{"line":30,"column":23}},"loc":{"start":{"line":30,"column":34},"end":{"line":39,"column":5}},"line":30},"3":{"name":"(anonymous_3)","decl":{"start":{"line":44,"column":27},"end":{"line":44,"column":28}},"loc":{"start":{"line":44,"column":33},"end":{"line":46,"column":3}},"line":44},"4":{"name":"(anonymous_4)","decl":{"start":{"line":48,"column":27},"end":{"line":48,"column":28}},"loc":{"start":{"line":48,"column":41},"end":{"line":57,"column":3}},"line":48},"5":{"name":"(anonymous_5)","decl":{"start":{"line":52,"column":30},"end":{"line":52,"column":31}},"loc":{"start":{"line":52,"column":38},"end":{"line":52,"column":53}},"line":52},"6":{"name":"(anonymous_6)","decl":{"start":{"line":59,"column":31},"end":{"line":59,"column":32}},"loc":{"start":{"line":59,"column":43},"end":{"line":72,"column":3}},"line":59},"7":{"name":"(anonymous_7)","decl":{"start":{"line":123,"column":23},"end":{"line":123,"column":24}},"loc":{"start":{"line":124,"column":14},"end":{"line":172,"column":21}},"line":124},"8":{"name":"(anonymous_8)","decl":{"start":{"line":165,"column":31},"end":{"line":165,"column":32}},"loc":{"start":{"line":165,"column":37},"end":{"line":165,"column":63}},"line":165}},"branchMap":{"0":{"loc":{"start":{"line":49,"column":4},"end":{"line":56,"column":5}},"type":"if","locations":[{"start":{"line":49,"column":4},"end":{"line":56,"column":5}},{"start":{},"end":{}}],"line":49},"1":{"loc":{"start":{"line":60,"column":4},"end":{"line":71,"column":5}},"type":"switch","locations":[{"start":{"line":61,"column":6},"end":{"line":62,"column":67}},{"start":{"line":63,"column":6},"end":{"line":64,"column":71}},{"start":{"line":65,"column":6},"end":{"line":66,"column":66}},{"start":{"line":67,"column":6},"end":{"line":68,"column":71}},{"start":{"line":69,"column":6},"end":{"line":70,"column":20}}],"line":60},"2":{"loc":{"start":{"line":74,"column":2},"end":{"line":85,"column":3}},"type":"if","locations":[{"start":{"line":74,"column":2},"end":{"line":85,"column":3}},{"start":{},"end":{}}],"line":74},"3":{"loc":{"start":{"line":104,"column":9},"end":{"line":104,"column":72}},"type":"binary-expr","locations":[{"start":{"line":104,"column":9},"end":{"line":104,"column":14}},{"start":{"line":104,"column":18},"end":{"line":104,"column":72}}],"line":104},"4":{"loc":{"start":{"line":106,"column":9},"end":{"line":175,"column":9}},"type":"cond-expr","locations":[{"start":{"line":107,"column":10},"end":{"line":120,"column":16}},{"start":{"line":122,"column":10},"end":{"line":174,"column":17}}],"line":106},"5":{"loc":{"start":{"line":134,"column":23},"end":{"line":134,"column":59}},"type":"binary-expr","locations":[{"start":{"line":134,"column":23},"end":{"line":134,"column":39}},{"start":{"line":134,"column":43},"end":{"line":134,"column":59}}],"line":134}},"s":{"0":0,"1":0,"2":0,"3":0,"4":0,"5":0,"6":0,"7":0,"8":0,"9":0,"10":0,"11":0,"12":0,"13":0,"14":0,"15":0,"16":0,"17":0,"18":0,"19":0,"20":0,"21":0,"22":0,"23":0,"24":0,"25":0,"26":0,"27":0,"28":0,"29":0,"30":0,"31":0,"32":0,"33":0,"34":0,"35":0},"f":{"0":0,"1":0,"2":0,"3":0,"4":0,"5":0,"6":0,"7":0,"8":0},"b":{"0":[0,0],"1":[0,0,0,0,0],"2":[0,0],"3":[0,0],"4":[0,0],"5":[0,0]}}
,"D:\\CODING\\MISOGI\\formulate\\client\\src\\pages\\HomePage.js": {"path":"D:\\CODING\\MISOGI\\formulate\\client\\src\\pages\\HomePage.js","statementMap":{"0":{"start":{"line":6,"column":17},"end":{"line":117,"column":1}},"1":{"start":{"line":7,"column":30},"end":{"line":7,"column":53}},"2":{"start":{"line":8,"column":19},"end":{"line":8,"column":32}},"3":{"start":{"line":11,"column":2},"end":{"line":14,"column":3}},"4":{"start":{"line":12,"column":4},"end":{"line":12,"column":27}},"5":{"start":{"line":13,"column":4},"end":{"line":13,"column":16}},"6":{"start":{"line":16,"column":2},"end":{"line":116,"column":4}}},"fnMap":{"0":{"name":"(anonymous_0)","decl":{"start":{"line":6,"column":17},"end":{"line":6,"column":18}},"loc":{"start":{"line":6,"column":23},"end":{"line":117,"column":1}},"line":6}},"branchMap":{"0":{"loc":{"start":{"line":11,"column":2},"end":{"line":14,"column":3}},"type":"if","locations":[{"start":{"line":11,"column":2},"end":{"line":14,"column":3}},{"start":{},"end":{}}],"line":11}},"s":{"0":0,"1":0,"2":0,"3":0,"4":0,"5":0,"6":0},"f":{"0":0},"b":{"0":[0,0]}}
,"D:\\CODING\\MISOGI\\formulate\\client\\src\\pages\\Login.js": {"path":"D:\\CODING\\MISOGI\\formulate\\client\\src\\pages\\Login.js","statementMap":{"0":{"start":{"line":15,"column":14},"end":{"line":111,"column":1}},"1":{"start":{"line":16,"column":34},"end":{"line":19,"column":4}},"2":{"start":{"line":20,"column":28},"end":{"line":20,"column":40}},"3":{"start":{"line":21,"column":20},"end":{"line":21,"column":43}},"4":{"start":{"line":22,"column":19},"end":{"line":22,"column":32}},"5":{"start":{"line":24,"column":23},"end":{"line":29,"column":3}},"6":{"start":{"line":25,"column":4},"end":{"line":28,"column":7}},"7":{"start":{"line":31,"column":23},"end":{"line":48,"column":3}},"8":{"start":{"line":32,"column":4},"end":{"line":32,"column":23}},"9":{"start":{"line":33,"column":4},"end":{"line":33,"column":17}},"10":{"start":{"line":36,"column":4},"end":{"line":39,"column":5}},"11":{"start":{"line":37,"column":6},"end":{"line":37,"column":44}},"12":{"start":{"line":38,"column":6},"end":{"line":38,"column":13}},"13":{"start":{"line":42,"column":19},"end":{"line":42,"column":40}},"14":{"start":{"line":43,"column":4},"end":{"line":47,"column":5}},"15":{"start":{"line":44,"column":6},"end":{"line":44,"column":29}},"16":{"start":{"line":46,"column":6},"end":{"line":46,"column":29}},"17":{"start":{"line":50,"column":2},"end":{"line":110,"column":4}}},"fnMap":{"0":{"name":"(anonymous_0)","decl":{"start":{"line":15,"column":14},"end":{"line":15,"column":15}},"loc":{"start":{"line":15,"column":20},"end":{"line":111,"column":1}},"line":15},"1":{"name":"(anonymous_1)","decl":{"start":{"line":24,"column":23},"end":{"line":24,"column":24}},"loc":{"start":{"line":24,"column":30},"end":{"line":29,"column":3}},"line":24},"2":{"name":"(anonymous_2)","decl":{"start":{"line":31,"column":23},"end":{"line":31,"column":24}},"loc":{"start":{"line":31,"column":36},"end":{"line":48,"column":3}},"line":31}},"branchMap":{"0":{"loc":{"start":{"line":36,"column":4},"end":{"line":39,"column":5}},"type":"if","locations":[{"start":{"line":36,"column":4},"end":{"line":39,"column":5}},{"start":{},"end":{}}],"line":36},"1":{"loc":{"start":{"line":36,"column":8},"end":{"line":36,"column":45}},"type":"binary-expr","locations":[{"start":{"line":36,"column":8},"end":{"line":36,"column":23}},{"start":{"line":36,"column":27},"end":{"line":36,"column":45}}],"line":36},"2":{"loc":{"start":{"line":43,"column":4},"end":{"line":47,"column":5}},"type":"if","locations":[{"start":{"line":43,"column":4},"end":{"line":47,"column":5}},{"start":{"line":45,"column":11},"end":{"line":47,"column":5}}],"line":43},"3":{"loc":{"start":{"line":61,"column":11},"end":{"line":61,"column":74}},"type":"binary-expr","locations":[{"start":{"line":61,"column":11},"end":{"line":61,"column":16}},{"start":{"line":61,"column":20},"end":{"line":61,"column":74}}],"line":61}},"s":{"0":0,"1":0,"2":0,"3":0,"4":0,"5":0,"6":0,"7":0,"8":0,"9":0,"10":0,"11":0,"12":0,"13":0,"14":0,"15":0,"16":0,"17":0},"f":{"0":0,"1":0,"2":0},"b":{"0":[0,0],"1":[0,0],"2":[0,0],"3":[0,0]}}
,"D:\\CODING\\MISOGI\\formulate\\client\\src\\pages\\Register.js": {"path":"D:\\CODING\\MISOGI\\formulate\\client\\src\\pages\\Register.js","statementMap":{"0":{"start":{"line":15,"column":17},"end":{"line":147,"column":1}},"1":{"start":{"line":16,"column":34},"end":{"line":21,"column":4}},"2":{"start":{"line":22,"column":28},"end":{"line":22,"column":40}},"3":{"start":{"line":23,"column":23},"end":{"line":23,"column":46}},"4":{"start":{"line":24,"column":19},"end":{"line":24,"column":32}},"5":{"start":{"line":26,"column":23},"end":{"line":31,"column":3}},"6":{"start":{"line":27,"column":4},"end":{"line":30,"column":7}},"7":{"start":{"line":33,"column":23},"end":{"line":62,"column":3}},"8":{"start":{"line":34,"column":4},"end":{"line":34,"column":23}},"9":{"start":{"line":35,"column":4},"end":{"line":35,"column":17}},"10":{"start":{"line":38,"column":4},"end":{"line":41,"column":5}},"11":{"start":{"line":39,"column":6},"end":{"line":39,"column":44}},"12":{"start":{"line":40,"column":6},"end":{"line":40,"column":13}},"13":{"start":{"line":43,"column":4},"end":{"line":46,"column":5}},"14":{"start":{"line":44,"column":6},"end":{"line":44,"column":41}},"15":{"start":{"line":45,"column":6},"end":{"line":45,"column":13}},"16":{"start":{"line":48,"column":4},"end":{"line":51,"column":5}},"17":{"start":{"line":49,"column":6},"end":{"line":49,"column":57}},"18":{"start":{"line":50,"column":6},"end":{"line":50,"column":13}},"19":{"start":{"line":54,"column":53},"end":{"line":54,"column":61}},"20":{"start":{"line":55,"column":19},"end":{"line":55,"column":51}},"21":{"start":{"line":57,"column":4},"end":{"line":61,"column":5}},"22":{"start":{"line":58,"column":6},"end":{"line":58,"column":29}},"23":{"start":{"line":60,"column":6},"end":{"line":60,"column":29}},"24":{"start":{"line":64,"column":2},"end":{"line":146,"column":4}}},"fnMap":{"0":{"name":"(anonymous_0)","decl":{"start":{"line":15,"column":17},"end":{"line":15,"column":18}},"loc":{"start":{"line":15,"column":23},"end":{"line":147,"column":1}},"line":15},"1":{"name":"(anonymous_1)","decl":{"start":{"line":26,"column":23},"end":{"line":26,"column":24}},"loc":{"start":{"line":26,"column":30},"end":{"line":31,"column":3}},"line":26},"2":{"name":"(anonymous_2)","decl":{"start":{"line":33,"column":23},"end":{"line":33,"column":24}},"loc":{"start":{"line":33,"column":36},"end":{"line":62,"column":3}},"line":33}},"branchMap":{"0":{"loc":{"start":{"line":38,"column":4},"end":{"line":41,"column":5}},"type":"if","locations":[{"start":{"line":38,"column":4},"end":{"line":41,"column":5}},{"start":{},"end":{}}],"line":38},"1":{"loc":{"start":{"line":38,"column":8},"end":{"line":38,"column":92}},"type":"binary-expr","locations":[{"start":{"line":38,"column":8},"end":{"line":38,"column":22}},{"start":{"line":38,"column":26},"end":{"line":38,"column":41}},{"start":{"line":38,"column":45},"end":{"line":38,"column":63}},{"start":{"line":38,"column":67},"end":{"line":38,"column":92}}],"line":38},"2":{"loc":{"start":{"line":43,"column":4},"end":{"line":46,"column":5}},"type":"if","locations":[{"start":{"line":43,"column":4},"end":{"line":46,"column":5}},{"start":{},"end":{}}],"line":43},"3":{"loc":{"start":{"line":48,"column":4},"end":{"line":51,"column":5}},"type":"if","locations":[{"start":{"line":48,"column":4},"end":{"line":51,"column":5}},{"start":{},"end":{}}],"line":48},"4":{"loc":{"start":{"line":57,"column":4},"end":{"line":61,"column":5}},"type":"if","locations":[{"start":{"line":57,"column":4},"end":{"line":61,"column":5}},{"start":{"line":59,"column":11},"end":{"line":61,"column":5}}],"line":57},"5":{"loc":{"start":{"line":75,"column":11},"end":{"line":75,"column":74}},"type":"binary-expr","locations":[{"start":{"line":75,"column":11},"end":{"line":75,"column":16}},{"start":{"line":75,"column":20},"end":{"line":75,"column":74}}],"line":75}},"s":{"0":0,"1":0,"2":0,"3":0,"4":0,"5":0,"6":0,"7":0,"8":0,"9":0,"10":0,"11":0,"12":0,"13":0,"14":0,"15":0,"16":0,"17":0,"18":0,"19":0,"20":0,"21":0,"22":0,"23":0,"24":0},"f":{"0":0,"1":0,"2":0},"b":{"0":[0,0],"1":[0,0,0,0],"2":[0,0],"3":[0,0],"4":[0,0],"5":[0,0]}}
,"D:\\CODING\\MISOGI\\formulate\\client\\src\\utils\\PrivateRoute.js": {"path":"D:\\CODING\\MISOGI\\formulate\\client\\src\\utils\\PrivateRoute.js","statementMap":{"0":{"start":{"line":6,"column":21},"end":{"line":25,"column":1}},"1":{"start":{"line":7,"column":39},"end":{"line":7,"column":62}},"2":{"start":{"line":10,"column":2},"end":{"line":21,"column":3}},"3":{"start":{"line":11,"column":4},"end":{"line":20,"column":6}},"4":{"start":{"line":24,"column":2},"end":{"line":24,"column":65}}},"fnMap":{"0":{"name":"(anonymous_0)","decl":{"start":{"line":6,"column":21},"end":{"line":6,"column":22}},"loc":{"start":{"line":6,"column":27},"end":{"line":25,"column":1}},"line":6}},"branchMap":{"0":{"loc":{"start":{"line":10,"column":2},"end":{"line":21,"column":3}},"type":"if","locations":[{"start":{"line":10,"column":2},"end":{"line":21,"column":3}},{"start":{},"end":{}}],"line":10},"1":{"loc":{"start":{"line":24,"column":9},"end":{"line":24,"column":64}},"type":"cond-expr","locations":[{"start":{"line":24,"column":27},"end":{"line":24,"column":37}},{"start":{"line":24,"column":40},"end":{"line":24,"column":64}}],"line":24}},"s":{"0":0,"1":0,"2":0,"3":0,"4":0},"f":{"0":0},"b":{"0":[0,0],"1":[0,0]}}
}
